======================================================================
PhotoAI Last Run Trace
Started   : 2026-04-07 10:18:50
Run       : Step 4 - Build Archive
Mode      : single-step
Script    : d:\PhotoAI\4_build_archive.py
Python    : D:\PhotoAI\env\Scripts\python.exe
----------------------------------------------------------------------
Config snapshot:
{
  "master_dir": "D:\\POCOP - Copy\\Snapchat",
  "db_path": "D:\\PhotoAI\\photo_catalog.db",
  "output_dir": "D:\\Photos",
  "det_size": "1024",
  "det_thresh": "0.7",
  "min_cluster_size": "7",
  "merge_threshold": "0.30",
  "confidence_threshold": "0.35",
  "clip_model_size": "large",
  "compress_input": "D:/POCOP - Copy/OG",
  "compress_output": "D:\\Photos\\Compressed",
  "compress_format": "JPEG",
  "compress_quality": "80",
  "compress_max_dim": "0"
}
======================================================================
Trace file: d:\PhotoAI\logs\last_run.log
━━━ Starting: Build Archive ━━━
============================================================
  Script 4: Archive Builder
============================================================

  Building archive: D:\Photos\Archive_15_merge0.3_conf0.35
  File mode: auto

  Total images in database: 181
  [INFO] 'classifications' table not found. Script 3 is optional; semantic routing is skipped.
  Images with classifications: 0
  Images WITH faces   : 58
  Images without faces: 123

  Phase 1: Organizing face images...
    Placed 64 files into People folders

  Phase 2: Organizing non-face images by category...
    Placed 123 files into category folders

  Phase 3: 123 unclassified images -> Uncategorized/
    Placed 123 files into Uncategorized/

============================================================
  Archive build complete!
  Total files placed : 310
  Skipped (missing)  : 0
  Errors             : 0
  Time               : 0.0s

  Archive structure:
    📁 People/  (5 subfolders, 0 files)
    📁 Uncategorized/  (123 files)

  Archive location: D:\Photos\Archive_15_merge0.3_conf0.35
============================================================
  ✓ Finished in 0.2s

======================================================================
Finished  : 2026-04-07 10:18:50
Exit code : 0
======================================================================
